<?xml version="1.0" encoding="UTF-8"?>
<!-- Generated by org.testng.reporters.JUnitReportReporter -->
<testsuite hostname="ATMECSINLT-038" failures="0" tests="6" name="com.atmecs.ToolsninjaAutomation.testScripts.NinjaStoreTestScripts" time="49.178" errors="0" timestamp="18 Nov 2019 11:41:23 GMT" skipped="0">
  <testcase classname="com.atmecs.ToolsninjaAutomation.testScripts.NinjaStoreTestScripts" name="homePageRedirection" time="0.040"/>
  <testcase classname="com.atmecs.ToolsninjaAutomation.testScripts.NinjaStoreTestScripts" name="searchProductAndCheckAvailability" time="20.526"/>
  <testcase classname="com.atmecs.ToolsninjaAutomation.testScripts.NinjaStoreTestScripts" name="validateGrandTotal" time="15.738"/>
  <testcase classname="com.atmecs.ToolsninjaAutomation.testScripts.NinjaStoreTestScripts" name="checkGrandTotal" time="0.335"/>
  <testcase classname="com.atmecs.ToolsninjaAutomation.testScripts.NinjaStoreTestScripts" name="validateGrandTotalAfterRemovingItem" time="3.042"/>
  <testcase classname="com.atmecs.ToolsninjaAutomation.testScripts.NinjaStoreTestScripts" name="validateErrorMessage" time="9.497"/>
</testsuite> <!-- com.atmecs.ToolsninjaAutomation.testScripts.NinjaStoreTestScripts -->
