<?xml version="1.0" encoding="UTF-8"?>
<!-- Generated by org.testng.reporters.JUnitReportReporter -->
<testsuite hostname="ATMECSINLT-038" failures="0" tests="1" name="com.atmecs.ToolsninjaAutomation.testScripts.DynamicXML" time="57.167" errors="0" timestamp="14 Nov 2019 07:12:09 GMT" skipped="0">
  <testcase classname="com.atmecs.ToolsninjaAutomation.testScripts.DynamicXML" name="xmlsuite" time="57.167"/>
</testsuite> <!-- com.atmecs.ToolsninjaAutomation.testScripts.DynamicXML -->
