<?xml version="1.0" encoding="UTF-8"?>
<!-- Generated by org.testng.reporters.JUnitReportReporter -->
<testsuite hostname="ATMECSINLT-038" failures="0" tests="6" name="com.atmecs.ToolsninjaAutomation.testScripts.NinjaStoreTestScripts" time="37.136" errors="0" timestamp="15 Nov 2019 08:52:45 GMT" skipped="0">
  <testcase classname="com.atmecs.ToolsninjaAutomation.testScripts.NinjaStoreTestScripts" name="homePageRedirection" time="0.056"/>
  <testcase classname="com.atmecs.ToolsninjaAutomation.testScripts.NinjaStoreTestScripts" name="searchProductAndCheckAvailability" time="15.292"/>
  <testcase classname="com.atmecs.ToolsninjaAutomation.testScripts.NinjaStoreTestScripts" name="validateGrandTotal" time="11.754"/>
  <testcase classname="com.atmecs.ToolsninjaAutomation.testScripts.NinjaStoreTestScripts" name="checkGrandTotal" time="0.183"/>
  <testcase classname="com.atmecs.ToolsninjaAutomation.testScripts.NinjaStoreTestScripts" name="validateGrandTotalAfterRemovingItem" time="2.773"/>
  <testcase classname="com.atmecs.ToolsninjaAutomation.testScripts.NinjaStoreTestScripts" name="validateErrorMessage" time="7.078"/>
</testsuite> <!-- com.atmecs.ToolsninjaAutomation.testScripts.NinjaStoreTestScripts -->
